{"C:\\Users\\Marina\\Desktop\\Alternance\\Projet9\\bill-app\\Billed-app-FR-Front\\src\\constants\\routes.js": {"path":"C:\\Users\\Marina\\Desktop\\Alternance\\Projet9\\bill-app\\Billed-app-FR-Front\\src\\constants\\routes.js","statementMap":{"0":{"start":{"line":6,"column":27},"end":{"line":11,"column":1}},"1":{"start":{"line":13,"column":22},"end":{"line":26,"column":1}},"2":{"start":{"line":14,"column":2},"end":{"line":25,"column":3}},"3":{"start":{"line":16,"column":6},"end":{"line":16,"column":46}},"4":{"start":{"line":18,"column":6},"end":{"line":18,"column":46}},"5":{"start":{"line":20,"column":6},"end":{"line":20,"column":24}},"6":{"start":{"line":22,"column":6},"end":{"line":22,"column":50}},"7":{"start":{"line":24,"column":6},"end":{"line":24,"column":46}}},"fnMap":{"0":{"name":"(anonymous_0)","decl":{"start":{"line":13,"column":22},"end":{"line":13,"column":23}},"loc":{"start":{"line":13,"column":62},"end":{"line":26,"column":1}},"line":13}},"branchMap":{"0":{"loc":{"start":{"line":14,"column":2},"end":{"line":25,"column":3}},"type":"switch","locations":[{"start":{"line":15,"column":4},"end":{"line":16,"column":46}},{"start":{"line":17,"column":4},"end":{"line":18,"column":46}},{"start":{"line":19,"column":4},"end":{"line":20,"column":24}},{"start":{"line":21,"column":4},"end":{"line":22,"column":50}},{"start":{"line":23,"column":4},"end":{"line":24,"column":46}}],"line":14}},"s":{"0":6,"1":6,"2":26,"3":7,"4":5,"5":1,"6":12,"7":1},"f":{"0":26},"b":{"0":[7,5,1,12,1]},"_coverageSchema":"1a1c01bbd47fc00a2c39e90264f33305004495a9","hash":"bbf37082212323a15c706c0877d1e30feb034ac4"}
,"C:\\Users\\Marina\\Desktop\\Alternance\\Projet9\\bill-app\\Billed-app-FR-Front\\src\\constants\\usersTest.js": {"path":"C:\\Users\\Marina\\Desktop\\Alternance\\Projet9\\bill-app\\Billed-app-FR-Front\\src\\constants\\usersTest.js","statementMap":{},"fnMap":{},"branchMap":{},"s":{},"f":{},"b":{},"_coverageSchema":"1a1c01bbd47fc00a2c39e90264f33305004495a9","hash":"c4de8c3adb4a6c66d15fa5c184bd4631d7355689"}
,"C:\\Users\\Marina\\Desktop\\Alternance\\Projet9\\bill-app\\Billed-app-FR-Front\\src\\containers\\Bills.js": {"path":"C:\\Users\\Marina\\Desktop\\Alternance\\Projet9\\bill-app\\Billed-app-FR-Front\\src\\containers\\Bills.js","statementMap":{"0":{"start":{"line":7,"column":4},"end":{"line":7,"column":29}},"1":{"start":{"line":8,"column":4},"end":{"line":8,"column":33}},"2":{"start":{"line":9,"column":4},"end":{"line":9,"column":23}},"3":{"start":{"line":10,"column":26},"end":{"line":12,"column":5}},"4":{"start":{"line":13,"column":4},"end":{"line":14,"column":71}},"5":{"start":{"line":14,"column":6},"end":{"line":14,"column":71}},"6":{"start":{"line":15,"column":20},"end":{"line":15,"column":76}},"7":{"start":{"line":16,"column":4},"end":{"line":19,"column":9}},"8":{"start":{"line":17,"column":6},"end":{"line":19,"column":9}},"9":{"start":{"line":18,"column":8},"end":{"line":18,"column":76}},"10":{"start":{"line":18,"column":45},"end":{"line":18,"column":74}},"11":{"start":{"line":20,"column":4},"end":{"line":20,"column":55}},"12":{"start":{"line":23,"column":23},"end":{"line":25,"column":3}},"13":{"start":{"line":24,"column":4},"end":{"line":24,"column":44}},"14":{"start":{"line":27,"column":23},"end":{"line":36,"column":3}},"15":{"start":{"line":28,"column":20},"end":{"line":28,"column":54}},"16":{"start":{"line":29,"column":21},"end":{"line":29,"column":63}},"17":{"start":{"line":30,"column":4},"end":{"line":34,"column":8}},"18":{"start":{"line":35,"column":4},"end":{"line":35,"column":35}},"19":{"start":{"line":40,"column":13},"end":{"line":68,"column":3}},"20":{"start":{"line":41,"column":4},"end":{"line":67,"column":5}},"21":{"start":{"line":42,"column":6},"end":{"line":66,"column":11}},"22":{"start":{"line":46,"column":24},"end":{"line":63,"column":12}},"23":{"start":{"line":47,"column":12},"end":{"line":62,"column":13}},"24":{"start":{"line":48,"column":14},"end":{"line":52,"column":16}},"25":{"start":{"line":56,"column":14},"end":{"line":56,"column":41}},"26":{"start":{"line":57,"column":14},"end":{"line":61,"column":16}},"27":{"start":{"line":64,"column":10},"end":{"line":64,"column":46}},"28":{"start":{"line":65,"column":10},"end":{"line":65,"column":23}}},"fnMap":{"0":{"name":"(anonymous_0)","decl":{"start":{"line":6,"column":2},"end":{"line":6,"column":3}},"loc":{"start":{"line":6,"column":61},"end":{"line":21,"column":3}},"line":6},"1":{"name":"(anonymous_1)","decl":{"start":{"line":17,"column":22},"end":{"line":17,"column":23}},"loc":{"start":{"line":17,"column":32},"end":{"line":19,"column":7}},"line":17},"2":{"name":"(anonymous_2)","decl":{"start":{"line":18,"column":39},"end":{"line":18,"column":40}},"loc":{"start":{"line":18,"column":45},"end":{"line":18,"column":74}},"line":18},"3":{"name":"(anonymous_3)","decl":{"start":{"line":23,"column":23},"end":{"line":23,"column":24}},"loc":{"start":{"line":23,"column":29},"end":{"line":25,"column":3}},"line":23},"4":{"name":"(anonymous_4)","decl":{"start":{"line":27,"column":23},"end":{"line":27,"column":24}},"loc":{"start":{"line":27,"column":33},"end":{"line":36,"column":3}},"line":27},"5":{"name":"(anonymous_5)","decl":{"start":{"line":40,"column":13},"end":{"line":40,"column":14}},"loc":{"start":{"line":40,"column":19},"end":{"line":68,"column":3}},"line":40},"6":{"name":"(anonymous_6)","decl":{"start":{"line":45,"column":14},"end":{"line":45,"column":15}},"loc":{"start":{"line":45,"column":28},"end":{"line":66,"column":9}},"line":45},"7":{"name":"(anonymous_7)","decl":{"start":{"line":46,"column":37},"end":{"line":46,"column":38}},"loc":{"start":{"line":46,"column":46},"end":{"line":63,"column":11}},"line":46}},"branchMap":{"0":{"loc":{"start":{"line":13,"column":4},"end":{"line":14,"column":71}},"type":"if","locations":[{"start":{"line":13,"column":4},"end":{"line":14,"column":71}},{"start":{"line":13,"column":4},"end":{"line":14,"column":71}}],"line":13},"1":{"loc":{"start":{"line":16,"column":4},"end":{"line":19,"column":9}},"type":"if","locations":[{"start":{"line":16,"column":4},"end":{"line":19,"column":9}},{"start":{"line":16,"column":4},"end":{"line":19,"column":9}}],"line":16},"2":{"loc":{"start":{"line":41,"column":4},"end":{"line":67,"column":5}},"type":"if","locations":[{"start":{"line":41,"column":4},"end":{"line":67,"column":5}},{"start":{"line":41,"column":4},"end":{"line":67,"column":5}}],"line":41}},"s":{"0":4,"1":4,"2":4,"3":4,"4":4,"5":3,"6":4,"7":4,"8":4,"9":12,"10":0,"11":4,"12":4,"13":0,"14":4,"15":0,"16":0,"17":0,"18":0,"19":4,"20":4,"21":3,"22":1,"23":1,"24":1,"25":1,"26":1,"27":1,"28":1},"f":{"0":4,"1":12,"2":0,"3":0,"4":0,"5":4,"6":1,"7":1},"b":{"0":[3,1],"1":[4,0],"2":[3,1]},"_coverageSchema":"1a1c01bbd47fc00a2c39e90264f33305004495a9","hash":"d72c314dee867d35d11c7bffe61a12e481a41c83"}
,"C:\\Users\\Marina\\Desktop\\Alternance\\Projet9\\bill-app\\Billed-app-FR-Front\\src\\containers\\Dashboard.js": {"path":"C:\\Users\\Marina\\Desktop\\Alternance\\Projet9\\bill-app\\Billed-app-FR-Front\\src\\containers\\Dashboard.js","statementMap":{"0":{"start":{"line":11,"column":29},"end":{"line":31,"column":1}},"1":{"start":{"line":12,"column":2},"end":{"line":30,"column":9}},"2":{"start":{"line":17,"column":8},"end":{"line":26,"column":9}},"3":{"start":{"line":18,"column":10},"end":{"line":18,"column":51}},"4":{"start":{"line":23,"column":10},"end":{"line":25,"column":61}},"5":{"start":{"line":28,"column":8},"end":{"line":28,"column":31}},"6":{"start":{"line":33,"column":20},"end":{"line":58,"column":1}},"7":{"start":{"line":34,"column":28},"end":{"line":34,"column":52}},"8":{"start":{"line":35,"column":20},"end":{"line":37,"column":8}},"9":{"start":{"line":38,"column":19},"end":{"line":40,"column":23}},"10":{"start":{"line":42,"column":2},"end":{"line":57,"column":4}},"11":{"start":{"line":60,"column":21},"end":{"line":62,"column":1}},"12":{"start":{"line":61,"column":2},"end":{"line":61,"column":79}},"13":{"start":{"line":61,"column":53},"end":{"line":61,"column":63}},"14":{"start":{"line":64,"column":25},"end":{"line":73,"column":1}},"15":{"start":{"line":65,"column":2},"end":{"line":72,"column":3}},"16":{"start":{"line":67,"column":6},"end":{"line":67,"column":23}},"17":{"start":{"line":69,"column":6},"end":{"line":69,"column":24}},"18":{"start":{"line":71,"column":6},"end":{"line":71,"column":23}},"19":{"start":{"line":77,"column":4},"end":{"line":77,"column":29}},"20":{"start":{"line":78,"column":4},"end":{"line":78,"column":33}},"21":{"start":{"line":79,"column":4},"end":{"line":79,"column":23}},"22":{"start":{"line":81,"column":4},"end":{"line":81,"column":25}},"23":{"start":{"line":82,"column":4},"end":{"line":82,"column":72}},"24":{"start":{"line":82,"column":35},"end":{"line":82,"column":70}},"25":{"start":{"line":83,"column":4},"end":{"line":83,"column":72}},"26":{"start":{"line":83,"column":35},"end":{"line":83,"column":70}},"27":{"start":{"line":84,"column":4},"end":{"line":84,"column":72}},"28":{"start":{"line":84,"column":35},"end":{"line":84,"column":70}},"29":{"start":{"line":85,"column":4},"end":{"line":85,"column":45}},"30":{"start":{"line":88,"column":23},"end":{"line":98,"column":3}},"31":{"start":{"line":89,"column":20},"end":{"line":89,"column":58}},"32":{"start":{"line":90,"column":21},"end":{"line":90,"column":69}},"33":{"start":{"line":91,"column":4},"end":{"line":95,"column":8}},"34":{"start":{"line":96,"column":4},"end":{"line":97,"column":43}},"35":{"start":{"line":97,"column":6},"end":{"line":97,"column":43}},"36":{"start":{"line":103,"column":21},"end":{"line":103,"column":65}},"37":{"start":{"line":106,"column":4},"end":{"line":108,"column":29}},"38":{"start":{"line":110,"column":4},"end":{"line":122,"column":5}},"39":{"start":{"line":111,"column":6},"end":{"line":113,"column":28}},"40":{"start":{"line":115,"column":6},"end":{"line":115,"column":70}},"41":{"start":{"line":116,"column":6},"end":{"line":116,"column":53}},"42":{"start":{"line":118,"column":6},"end":{"line":120,"column":7}},"43":{"start":{"line":121,"column":6},"end":{"line":121,"column":53}},"44":{"start":{"line":124,"column":4},"end":{"line":124,"column":52}},"45":{"start":{"line":125,"column":4},"end":{"line":125,"column":73}},"46":{"start":{"line":125,"column":39},"end":{"line":125,"column":71}},"47":{"start":{"line":126,"column":4},"end":{"line":126,"column":73}},"48":{"start":{"line":126,"column":39},"end":{"line":126,"column":71}},"49":{"start":{"line":153,"column":23},"end":{"line":161,"column":3}},"50":{"start":{"line":154,"column":20},"end":{"line":158,"column":5}},"51":{"start":{"line":159,"column":4},"end":{"line":159,"column":29}},"52":{"start":{"line":160,"column":4},"end":{"line":160,"column":46}},"53":{"start":{"line":163,"column":23},"end":{"line":171,"column":3}},"54":{"start":{"line":164,"column":20},"end":{"line":168,"column":5}},"55":{"start":{"line":169,"column":4},"end":{"line":169,"column":29}},"56":{"start":{"line":170,"column":4},"end":{"line":170,"column":46}},"57":{"start":{"line":175,"column":4},"end":{"line":177,"column":5}},"58":{"start":{"line":176,"column":6},"end":{"line":176,"column":37}},"59":{"start":{"line":179,"column":4},"end":{"line":179,"column":53}},"60":{"start":{"line":181,"column":4},"end":{"line":189,"column":5}},"61":{"start":{"line":182,"column":6},"end":{"line":182,"column":66}},"62":{"start":{"line":183,"column":6},"end":{"line":185,"column":8}},"63":{"start":{"line":187,"column":6},"end":{"line":187,"column":67}},"64":{"start":{"line":188,"column":6},"end":{"line":188,"column":52}},"65":{"start":{"line":194,"column":4},"end":{"line":198,"column":7}},"66":{"start":{"line":195,"column":6},"end":{"line":197,"column":8}},"67":{"start":{"line":196,"column":8},"end":{"line":196,"column":52}},"68":{"start":{"line":200,"column":4},"end":{"line":200,"column":17}},"69":{"start":{"line":227,"column":21},"end":{"line":245,"column":3}},"70":{"start":{"line":228,"column":4},"end":{"line":244,"column":5}},"71":{"start":{"line":229,"column":6},"end":{"line":243,"column":11}},"72":{"start":{"line":233,"column":24},"end":{"line":238,"column":13}},"73":{"start":{"line":233,"column":47},"end":{"line":238,"column":11}},"74":{"start":{"line":239,"column":10},"end":{"line":239,"column":23}},"75":{"start":{"line":242,"column":10},"end":{"line":242,"column":22}}},"fnMap":{"0":{"name":"(anonymous_0)","decl":{"start":{"line":11,"column":29},"end":{"line":11,"column":30}},"loc":{"start":{"line":11,"column":47},"end":{"line":31,"column":1}},"line":11},"1":{"name":"(anonymous_1)","decl":{"start":{"line":13,"column":18},"end":{"line":13,"column":19}},"loc":{"start":{"line":13,"column":28},"end":{"line":29,"column":7}},"line":13},"2":{"name":"(anonymous_2)","decl":{"start":{"line":33,"column":20},"end":{"line":33,"column":21}},"loc":{"start":{"line":33,"column":30},"end":{"line":58,"column":1}},"line":33},"3":{"name":"(anonymous_3)","decl":{"start":{"line":60,"column":21},"end":{"line":60,"column":22}},"loc":{"start":{"line":60,"column":32},"end":{"line":62,"column":1}},"line":60},"4":{"name":"(anonymous_4)","decl":{"start":{"line":61,"column":43},"end":{"line":61,"column":44}},"loc":{"start":{"line":61,"column":53},"end":{"line":61,"column":63}},"line":61},"5":{"name":"(anonymous_5)","decl":{"start":{"line":64,"column":25},"end":{"line":64,"column":26}},"loc":{"start":{"line":64,"column":36},"end":{"line":73,"column":1}},"line":64},"6":{"name":"(anonymous_6)","decl":{"start":{"line":76,"column":2},"end":{"line":76,"column":3}},"loc":{"start":{"line":76,"column":68},"end":{"line":86,"column":3}},"line":76},"7":{"name":"(anonymous_7)","decl":{"start":{"line":82,"column":28},"end":{"line":82,"column":29}},"loc":{"start":{"line":82,"column":35},"end":{"line":82,"column":70}},"line":82},"8":{"name":"(anonymous_8)","decl":{"start":{"line":83,"column":28},"end":{"line":83,"column":29}},"loc":{"start":{"line":83,"column":35},"end":{"line":83,"column":70}},"line":83},"9":{"name":"(anonymous_9)","decl":{"start":{"line":84,"column":28},"end":{"line":84,"column":29}},"loc":{"start":{"line":84,"column":35},"end":{"line":84,"column":70}},"line":84},"10":{"name":"(anonymous_10)","decl":{"start":{"line":88,"column":23},"end":{"line":88,"column":24}},"loc":{"start":{"line":88,"column":29},"end":{"line":98,"column":3}},"line":88},"11":{"name":"(anonymous_11)","decl":{"start":{"line":102,"column":2},"end":{"line":102,"column":3}},"loc":{"start":{"line":102,"column":42},"end":{"line":127,"column":3}},"line":102},"12":{"name":"(anonymous_12)","decl":{"start":{"line":125,"column":32},"end":{"line":125,"column":33}},"loc":{"start":{"line":125,"column":39},"end":{"line":125,"column":71}},"line":125},"13":{"name":"(anonymous_13)","decl":{"start":{"line":126,"column":32},"end":{"line":126,"column":33}},"loc":{"start":{"line":126,"column":39},"end":{"line":126,"column":71}},"line":126},"14":{"name":"(anonymous_14)","decl":{"start":{"line":153,"column":23},"end":{"line":153,"column":24}},"loc":{"start":{"line":153,"column":36},"end":{"line":161,"column":3}},"line":153},"15":{"name":"(anonymous_15)","decl":{"start":{"line":163,"column":23},"end":{"line":163,"column":24}},"loc":{"start":{"line":163,"column":36},"end":{"line":171,"column":3}},"line":163},"16":{"name":"(anonymous_16)","decl":{"start":{"line":174,"column":2},"end":{"line":174,"column":3}},"loc":{"start":{"line":174,"column":37},"end":{"line":201,"column":3}},"line":174},"17":{"name":"(anonymous_17)","decl":{"start":{"line":194,"column":51},"end":{"line":194,"column":52}},"loc":{"start":{"line":194,"column":61},"end":{"line":198,"column":5}},"line":194},"18":{"name":"(anonymous_18)","decl":{"start":{"line":195,"column":38},"end":{"line":195,"column":39}},"loc":{"start":{"line":196,"column":8},"end":{"line":196,"column":52}},"line":196},"19":{"name":"(anonymous_19)","decl":{"start":{"line":227,"column":21},"end":{"line":227,"column":22}},"loc":{"start":{"line":227,"column":27},"end":{"line":245,"column":3}},"line":227},"20":{"name":"(anonymous_20)","decl":{"start":{"line":232,"column":14},"end":{"line":232,"column":15}},"loc":{"start":{"line":232,"column":28},"end":{"line":240,"column":9}},"line":232},"21":{"name":"(anonymous_21)","decl":{"start":{"line":233,"column":37},"end":{"line":233,"column":38}},"loc":{"start":{"line":233,"column":47},"end":{"line":238,"column":11}},"line":233},"22":{"name":"(anonymous_22)","decl":{"start":{"line":241,"column":15},"end":{"line":241,"column":16}},"loc":{"start":{"line":241,"column":26},"end":{"line":243,"column":9}},"line":241}},"branchMap":{"0":{"loc":{"start":{"line":12,"column":9},"end":{"line":30,"column":8}},"type":"cond-expr","locations":[{"start":{"line":13,"column":6},"end":{"line":29,"column":8}},{"start":{"line":30,"column":6},"end":{"line":30,"column":8}}],"line":12},"1":{"loc":{"start":{"line":12,"column":9},"end":{"line":12,"column":28}},"type":"binary-expr","locations":[{"start":{"line":12,"column":9},"end":{"line":12,"column":13}},{"start":{"line":12,"column":17},"end":{"line":12,"column":28}}],"line":12},"2":{"loc":{"start":{"line":17,"column":8},"end":{"line":26,"column":9}},"type":"if","locations":[{"start":{"line":17,"column":8},"end":{"line":26,"column":9}},{"start":{"line":17,"column":8},"end":{"line":26,"column":9}}],"line":17},"3":{"loc":{"start":{"line":24,"column":12},"end":{"line":25,"column":60}},"type":"binary-expr","locations":[{"start":{"line":24,"column":12},"end":{"line":24,"column":34}},{"start":{"line":25,"column":12},"end":{"line":25,"column":60}}],"line":24},"4":{"loc":{"start":{"line":35,"column":20},"end":{"line":37,"column":8}},"type":"cond-expr","locations":[{"start":{"line":36,"column":6},"end":{"line":36,"column":37}},{"start":{"line":37,"column":6},"end":{"line":37,"column":8}}],"line":35},"5":{"loc":{"start":{"line":38,"column":19},"end":{"line":40,"column":23}},"type":"cond-expr","locations":[{"start":{"line":39,"column":6},"end":{"line":39,"column":37}},{"start":{"line":40,"column":6},"end":{"line":40,"column":23}}],"line":38},"6":{"loc":{"start":{"line":61,"column":9},"end":{"line":61,"column":78}},"type":"cond-expr","locations":[{"start":{"line":61,"column":33},"end":{"line":61,"column":73}},{"start":{"line":61,"column":76},"end":{"line":61,"column":78}}],"line":61},"7":{"loc":{"start":{"line":61,"column":9},"end":{"line":61,"column":30}},"type":"binary-expr","locations":[{"start":{"line":61,"column":9},"end":{"line":61,"column":14}},{"start":{"line":61,"column":18},"end":{"line":61,"column":30}}],"line":61},"8":{"loc":{"start":{"line":65,"column":2},"end":{"line":72,"column":3}},"type":"switch","locations":[{"start":{"line":66,"column":4},"end":{"line":67,"column":23}},{"start":{"line":68,"column":4},"end":{"line":69,"column":24}},{"start":{"line":70,"column":4},"end":{"line":71,"column":23}}],"line":65},"9":{"loc":{"start":{"line":96,"column":4},"end":{"line":97,"column":43}},"type":"if","locations":[{"start":{"line":96,"column":4},"end":{"line":97,"column":43}},{"start":{"line":96,"column":4},"end":{"line":97,"column":43}}],"line":96},"10":{"loc":{"start":{"line":110,"column":4},"end":{"line":122,"column":5}},"type":"if","locations":[{"start":{"line":110,"column":4},"end":{"line":122,"column":5}},{"start":{"line":110,"column":4},"end":{"line":122,"column":5}}],"line":110},"11":{"loc":{"start":{"line":175,"column":4},"end":{"line":177,"column":5}},"type":"if","locations":[{"start":{"line":175,"column":4},"end":{"line":177,"column":5}},{"start":{"line":175,"column":4},"end":{"line":177,"column":5}}],"line":175},"12":{"loc":{"start":{"line":181,"column":4},"end":{"line":189,"column":5}},"type":"if","locations":[{"start":{"line":181,"column":4},"end":{"line":189,"column":5}},{"start":{"line":181,"column":4},"end":{"line":189,"column":5}}],"line":181},"13":{"loc":{"start":{"line":228,"column":4},"end":{"line":244,"column":5}},"type":"if","locations":[{"start":{"line":228,"column":4},"end":{"line":244,"column":5}},{"start":{"line":228,"column":4},"end":{"line":244,"column":5}}],"line":228}},"s":{"0":6,"1":49,"2":124,"3":124,"4":0,"5":124,"6":6,"7":6,"8":6,"9":6,"10":6,"11":6,"12":6,"13":6,"14":6,"15":10,"16":6,"17":2,"18":2,"19":14,"20":14,"21":14,"22":14,"23":14,"24":0,"25":14,"26":0,"27":14,"28":0,"29":14,"30":14,"31":1,"32":1,"33":1,"34":1,"35":0,"36":3,"37":3,"38":3,"39":2,"40":2,"41":2,"42":1,"43":1,"44":3,"45":3,"46":0,"47":3,"48":0,"49":14,"50":1,"51":1,"52":1,"53":14,"54":1,"55":1,"56":1,"57":5,"58":5,"59":5,"60":5,"61":5,"62":5,"63":0,"64":0,"65":5,"66":6,"67":3,"68":5,"69":14,"70":5,"71":5,"72":3,"73":12,"74":3,"75":2},"f":{"0":49,"1":124,"2":6,"3":6,"4":6,"5":10,"6":14,"7":0,"8":0,"9":0,"10":1,"11":3,"12":0,"13":0,"14":1,"15":1,"16":5,"17":6,"18":3,"19":5,"20":3,"21":12,"22":2},"b":{"0":[31,18],"1":[49,31],"2":[124,0],"3":[0,0],"4":[0,6],"5":[0,6],"6":[5,1],"7":[6,6],"8":[6,2,2],"9":[0,1],"10":[2,1],"11":[5,0],"12":[5,0],"13":[5,0]},"_coverageSchema":"1a1c01bbd47fc00a2c39e90264f33305004495a9","hash":"19575e3ab469a14ffa0feae190ed253ae4642e62"}
,"C:\\Users\\Marina\\Desktop\\Alternance\\Projet9\\bill-app\\Billed-app-FR-Front\\src\\containers\\Login.js": {"path":"C:\\Users\\Marina\\Desktop\\Alternance\\Projet9\\bill-app\\Billed-app-FR-Front\\src\\containers\\Login.js","statementMap":{"0":{"start":{"line":2,"column":31},"end":{"line":2,"column":33}},"1":{"start":{"line":13,"column":4},"end":{"line":13,"column":29}},"2":{"start":{"line":14,"column":4},"end":{"line":14,"column":37}},"3":{"start":{"line":15,"column":4},"end":{"line":15,"column":33}},"4":{"start":{"line":16,"column":4},"end":{"line":16,"column":47}},"5":{"start":{"line":17,"column":4},"end":{"line":17,"column":23}},"6":{"start":{"line":18,"column":25},"end":{"line":20,"column":5}},"7":{"start":{"line":21,"column":4},"end":{"line":21,"column":71}},"8":{"start":{"line":22,"column":22},"end":{"line":24,"column":5}},"9":{"start":{"line":25,"column":4},"end":{"line":25,"column":65}},"10":{"start":{"line":27,"column":25},"end":{"line":47,"column":3}},"11":{"start":{"line":28,"column":4},"end":{"line":28,"column":23}},"12":{"start":{"line":29,"column":17},"end":{"line":37,"column":5}},"13":{"start":{"line":38,"column":4},"end":{"line":38,"column":60}},"14":{"start":{"line":39,"column":4},"end":{"line":46,"column":9}},"15":{"start":{"line":40,"column":22},"end":{"line":40,"column":43}},"16":{"start":{"line":42,"column":8},"end":{"line":42,"column":46}},"17":{"start":{"line":43,"column":8},"end":{"line":43,"column":54}},"18":{"start":{"line":44,"column":8},"end":{"line":44,"column":51}},"19":{"start":{"line":45,"column":8},"end":{"line":45,"column":58}},"20":{"start":{"line":49,"column":22},"end":{"line":69,"column":3}},"21":{"start":{"line":50,"column":4},"end":{"line":50,"column":23}},"22":{"start":{"line":51,"column":17},"end":{"line":59,"column":5}},"23":{"start":{"line":60,"column":4},"end":{"line":60,"column":60}},"24":{"start":{"line":61,"column":4},"end":{"line":68,"column":9}},"25":{"start":{"line":62,"column":22},"end":{"line":62,"column":43}},"26":{"start":{"line":64,"column":8},"end":{"line":64,"column":50}},"27":{"start":{"line":65,"column":8},"end":{"line":65,"column":58}},"28":{"start":{"line":66,"column":8},"end":{"line":66,"column":51}},"29":{"start":{"line":67,"column":8},"end":{"line":67,"column":53}},"30":{"start":{"line":72,"column":10},"end":{"line":87,"column":3}},"31":{"start":{"line":73,"column":4},"end":{"line":86,"column":5}},"32":{"start":{"line":74,"column":6},"end":{"line":83,"column":11}},"33":{"start":{"line":82,"column":10},"end":{"line":82,"column":43}},"34":{"start":{"line":85,"column":6},"end":{"line":85,"column":18}},"35":{"start":{"line":90,"column":15},"end":{"line":109,"column":3}},"36":{"start":{"line":91,"column":4},"end":{"line":108,"column":5}},"37":{"start":{"line":92,"column":6},"end":{"line":105,"column":11}},"38":{"start":{"line":103,"column":10},"end":{"line":103,"column":60}},"39":{"start":{"line":104,"column":10},"end":{"line":104,"column":34}},"40":{"start":{"line":107,"column":6},"end":{"line":107,"column":18}}},"fnMap":{"0":{"name":"(anonymous_0)","decl":{"start":{"line":6,"column":2},"end":{"line":6,"column":3}},"loc":{"start":{"line":12,"column":5},"end":{"line":26,"column":3}},"line":12},"1":{"name":"(anonymous_1)","decl":{"start":{"line":27,"column":25},"end":{"line":27,"column":26}},"loc":{"start":{"line":27,"column":32},"end":{"line":47,"column":3}},"line":27},"2":{"name":"(anonymous_2)","decl":{"start":{"line":40,"column":13},"end":{"line":40,"column":14}},"loc":{"start":{"line":40,"column":22},"end":{"line":40,"column":43}},"line":40},"3":{"name":"(anonymous_3)","decl":{"start":{"line":41,"column":12},"end":{"line":41,"column":13}},"loc":{"start":{"line":41,"column":18},"end":{"line":46,"column":7}},"line":41},"4":{"name":"(anonymous_4)","decl":{"start":{"line":49,"column":22},"end":{"line":49,"column":23}},"loc":{"start":{"line":49,"column":29},"end":{"line":69,"column":3}},"line":49},"5":{"name":"(anonymous_5)","decl":{"start":{"line":62,"column":13},"end":{"line":62,"column":14}},"loc":{"start":{"line":62,"column":22},"end":{"line":62,"column":43}},"line":62},"6":{"name":"(anonymous_6)","decl":{"start":{"line":63,"column":12},"end":{"line":63,"column":13}},"loc":{"start":{"line":63,"column":18},"end":{"line":68,"column":7}},"line":63},"7":{"name":"(anonymous_7)","decl":{"start":{"line":72,"column":10},"end":{"line":72,"column":11}},"loc":{"start":{"line":72,"column":20},"end":{"line":87,"column":3}},"line":72},"8":{"name":"(anonymous_8)","decl":{"start":{"line":81,"column":14},"end":{"line":81,"column":15}},"loc":{"start":{"line":81,"column":27},"end":{"line":83,"column":9}},"line":81},"9":{"name":"(anonymous_9)","decl":{"start":{"line":90,"column":15},"end":{"line":90,"column":16}},"loc":{"start":{"line":90,"column":25},"end":{"line":109,"column":3}},"line":90},"10":{"name":"(anonymous_10)","decl":{"start":{"line":102,"column":14},"end":{"line":102,"column":15}},"loc":{"start":{"line":102,"column":20},"end":{"line":105,"column":9}},"line":102}},"branchMap":{"0":{"loc":{"start":{"line":73,"column":4},"end":{"line":86,"column":5}},"type":"if","locations":[{"start":{"line":73,"column":4},"end":{"line":86,"column":5}},{"start":{"line":73,"column":4},"end":{"line":86,"column":5}}],"line":73},"1":{"loc":{"start":{"line":91,"column":4},"end":{"line":108,"column":5}},"type":"if","locations":[{"start":{"line":91,"column":4},"end":{"line":108,"column":5}},{"start":{"line":91,"column":4},"end":{"line":108,"column":5}}],"line":91}},"s":{"0":3,"1":4,"2":4,"3":4,"4":4,"5":4,"6":4,"7":4,"8":4,"9":4,"10":4,"11":2,"12":2,"13":2,"14":2,"15":0,"16":2,"17":2,"18":2,"19":2,"20":4,"21":2,"22":2,"23":2,"24":2,"25":0,"26":2,"27":2,"28":2,"29":2,"30":4,"31":0,"32":0,"33":0,"34":0,"35":4,"36":0,"37":0,"38":0,"39":0,"40":0},"f":{"0":4,"1":2,"2":0,"3":2,"4":2,"5":0,"6":2,"7":0,"8":0,"9":0,"10":0},"b":{"0":[0,0],"1":[0,0]},"_coverageSchema":"1a1c01bbd47fc00a2c39e90264f33305004495a9","hash":"c7f778318ea3d5af15dfaa8777df3b4608506b7b"}
,"C:\\Users\\Marina\\Desktop\\Alternance\\Projet9\\bill-app\\Billed-app-FR-Front\\src\\containers\\Logout.js": {"path":"C:\\Users\\Marina\\Desktop\\Alternance\\Projet9\\bill-app\\Billed-app-FR-Front\\src\\containers\\Logout.js","statementMap":{"0":{"start":{"line":5,"column":4},"end":{"line":5,"column":28}},"1":{"start":{"line":6,"column":4},"end":{"line":6,"column":32}},"2":{"start":{"line":7,"column":4},"end":{"line":7,"column":36}},"3":{"start":{"line":8,"column":4},"end":{"line":8,"column":51}},"4":{"start":{"line":11,"column":16},"end":{"line":14,"column":3}},"5":{"start":{"line":12,"column":4},"end":{"line":12,"column":29}},"6":{"start":{"line":13,"column":4},"end":{"line":13,"column":41}}},"fnMap":{"0":{"name":"(anonymous_0)","decl":{"start":{"line":4,"column":2},"end":{"line":4,"column":3}},"loc":{"start":{"line":4,"column":54},"end":{"line":9,"column":3}},"line":4},"1":{"name":"(anonymous_1)","decl":{"start":{"line":11,"column":16},"end":{"line":11,"column":17}},"loc":{"start":{"line":11,"column":23},"end":{"line":14,"column":3}},"line":11}},"branchMap":{},"s":{"0":21,"1":21,"2":21,"3":21,"4":21,"5":2,"6":2},"f":{"0":21,"1":2},"b":{},"_coverageSchema":"1a1c01bbd47fc00a2c39e90264f33305004495a9","hash":"1e7c423637ce24af53d82b4b523bd83a17d0ba49"}
,"C:\\Users\\Marina\\Desktop\\Alternance\\Projet9\\bill-app\\Billed-app-FR-Front\\src\\containers\\NewBill.js": {"path":"C:\\Users\\Marina\\Desktop\\Alternance\\Projet9\\bill-app\\Billed-app-FR-Front\\src\\containers\\NewBill.js","statementMap":{"0":{"start":{"line":7,"column":4},"end":{"line":7,"column":29}},"1":{"start":{"line":8,"column":4},"end":{"line":8,"column":33}},"2":{"start":{"line":9,"column":4},"end":{"line":9,"column":23}},"3":{"start":{"line":10,"column":24},"end":{"line":12,"column":5}},"4":{"start":{"line":13,"column":4},"end":{"line":13,"column":62}},"5":{"start":{"line":14,"column":17},"end":{"line":14,"column":73}},"6":{"start":{"line":15,"column":4},"end":{"line":15,"column":59}},"7":{"start":{"line":16,"column":4},"end":{"line":16,"column":24}},"8":{"start":{"line":17,"column":4},"end":{"line":17,"column":25}},"9":{"start":{"line":18,"column":4},"end":{"line":18,"column":23}},"10":{"start":{"line":19,"column":4},"end":{"line":19,"column":55}},"11":{"start":{"line":23,"column":21},"end":{"line":64,"column":3}},"12":{"start":{"line":24,"column":4},"end":{"line":24,"column":23}},"13":{"start":{"line":25,"column":17},"end":{"line":26,"column":15}},"14":{"start":{"line":27,"column":21},"end":{"line":27,"column":48}},"15":{"start":{"line":28,"column":21},"end":{"line":28,"column":50}},"16":{"start":{"line":30,"column":30},"end":{"line":30,"column":52}},"17":{"start":{"line":31,"column":26},"end":{"line":31,"column":65}},"18":{"start":{"line":33,"column":4},"end":{"line":42,"column":5}},"19":{"start":{"line":35,"column":6},"end":{"line":35,"column":74}},"20":{"start":{"line":36,"column":6},"end":{"line":36,"column":26}},"21":{"start":{"line":37,"column":6},"end":{"line":37,"column":27}},"22":{"start":{"line":38,"column":6},"end":{"line":38,"column":25}},"23":{"start":{"line":40,"column":6},"end":{"line":40,"column":66}},"24":{"start":{"line":41,"column":6},"end":{"line":41,"column":13}},"25":{"start":{"line":44,"column":21},"end":{"line":44,"column":35}},"26":{"start":{"line":45,"column":18},"end":{"line":45,"column":64}},"27":{"start":{"line":46,"column":4},"end":{"line":46,"column":34}},"28":{"start":{"line":47,"column":4},"end":{"line":47,"column":36}},"29":{"start":{"line":49,"column":4},"end":{"line":63,"column":46}},"30":{"start":{"line":58,"column":8},"end":{"line":58,"column":29}},"31":{"start":{"line":59,"column":8},"end":{"line":59,"column":26}},"32":{"start":{"line":60,"column":8},"end":{"line":60,"column":31}},"33":{"start":{"line":61,"column":8},"end":{"line":61,"column":33}},"34":{"start":{"line":63,"column":24},"end":{"line":63,"column":44}},"35":{"start":{"line":66,"column":17},"end":{"line":93,"column":3}},"36":{"start":{"line":67,"column":4},"end":{"line":67,"column":23}},"37":{"start":{"line":68,"column":4},"end":{"line":71,"column":6}},"38":{"start":{"line":72,"column":18},"end":{"line":72,"column":64}},"39":{"start":{"line":73,"column":17},"end":{"line":90,"column":5}},"40":{"start":{"line":91,"column":4},"end":{"line":91,"column":26}},"41":{"start":{"line":92,"column":4},"end":{"line":92,"column":42}},"42":{"start":{"line":96,"column":15},"end":{"line":106,"column":3}},"43":{"start":{"line":97,"column":4},"end":{"line":105,"column":5}},"44":{"start":{"line":98,"column":6},"end":{"line":104,"column":48}},"45":{"start":{"line":102,"column":10},"end":{"line":102,"column":48}},"46":{"start":{"line":104,"column":26},"end":{"line":104,"column":46}}},"fnMap":{"0":{"name":"(anonymous_0)","decl":{"start":{"line":6,"column":2},"end":{"line":6,"column":3}},"loc":{"start":{"line":6,"column":61},"end":{"line":20,"column":3}},"line":6},"1":{"name":"(anonymous_1)","decl":{"start":{"line":23,"column":21},"end":{"line":23,"column":22}},"loc":{"start":{"line":23,"column":28},"end":{"line":64,"column":3}},"line":23},"2":{"name":"(anonymous_2)","decl":{"start":{"line":57,"column":12},"end":{"line":57,"column":13}},"loc":{"start":{"line":57,"column":34},"end":{"line":62,"column":7}},"line":57},"3":{"name":"(anonymous_3)","decl":{"start":{"line":63,"column":13},"end":{"line":63,"column":14}},"loc":{"start":{"line":63,"column":24},"end":{"line":63,"column":44}},"line":63},"4":{"name":"(anonymous_4)","decl":{"start":{"line":66,"column":17},"end":{"line":66,"column":18}},"loc":{"start":{"line":66,"column":24},"end":{"line":93,"column":3}},"line":66},"5":{"name":"(anonymous_5)","decl":{"start":{"line":96,"column":15},"end":{"line":96,"column":16}},"loc":{"start":{"line":96,"column":25},"end":{"line":106,"column":3}},"line":96},"6":{"name":"(anonymous_6)","decl":{"start":{"line":101,"column":14},"end":{"line":101,"column":15}},"loc":{"start":{"line":101,"column":20},"end":{"line":103,"column":9}},"line":101},"7":{"name":"(anonymous_7)","decl":{"start":{"line":104,"column":15},"end":{"line":104,"column":16}},"loc":{"start":{"line":104,"column":26},"end":{"line":104,"column":46}},"line":104}},"branchMap":{"0":{"loc":{"start":{"line":33,"column":4},"end":{"line":42,"column":5}},"type":"if","locations":[{"start":{"line":33,"column":4},"end":{"line":42,"column":5}},{"start":{"line":33,"column":4},"end":{"line":42,"column":5}}],"line":33},"1":{"loc":{"start":{"line":83,"column":8},"end":{"line":84,"column":10}},"type":"binary-expr","locations":[{"start":{"line":83,"column":8},"end":{"line":83,"column":74}},{"start":{"line":84,"column":8},"end":{"line":84,"column":10}}],"line":83},"2":{"loc":{"start":{"line":97,"column":4},"end":{"line":105,"column":5}},"type":"if","locations":[{"start":{"line":97,"column":4},"end":{"line":105,"column":5}},{"start":{"line":97,"column":4},"end":{"line":105,"column":5}}],"line":97}},"s":{"0":2,"1":2,"2":2,"3":2,"4":2,"5":2,"6":2,"7":2,"8":2,"9":2,"10":2,"11":2,"12":2,"13":2,"14":2,"15":2,"16":2,"17":2,"18":2,"19":1,"20":1,"21":1,"22":1,"23":1,"24":1,"25":1,"26":1,"27":1,"28":1,"29":1,"30":1,"31":1,"32":1,"33":1,"34":0,"35":2,"36":0,"37":0,"38":0,"39":0,"40":0,"41":0,"42":2,"43":0,"44":0,"45":0,"46":0},"f":{"0":2,"1":2,"2":1,"3":0,"4":0,"5":0,"6":0,"7":0},"b":{"0":[1,1],"1":[0,0],"2":[0,0]},"_coverageSchema":"1a1c01bbd47fc00a2c39e90264f33305004495a9","hash":"773e3165d4524f66b2d03a4ff0033d12b8b9c941"}
,"C:\\Users\\Marina\\Desktop\\Alternance\\Projet9\\bill-app\\Billed-app-FR-Front\\src\\views\\Actions.js": {"path":"C:\\Users\\Marina\\Desktop\\Alternance\\Projet9\\bill-app\\Billed-app-FR-Front\\src\\views\\Actions.js","statementMap":{"0":{"start":{"line":5,"column":2},"end":{"line":11,"column":3}}},"fnMap":{"0":{"name":"(anonymous_0)","decl":{"start":{"line":4,"column":15},"end":{"line":4,"column":16}},"loc":{"start":{"line":4,"column":28},"end":{"line":12,"column":1}},"line":4}},"branchMap":{},"s":{"0":6},"f":{"0":6},"b":{},"_coverageSchema":"1a1c01bbd47fc00a2c39e90264f33305004495a9","hash":"9233b01439ca08f0c8dfbb93aab5cc37bb21367f"}
,"C:\\Users\\Marina\\Desktop\\Alternance\\Projet9\\bill-app\\Billed-app-FR-Front\\src\\views\\BillsUI.js": {"path":"C:\\Users\\Marina\\Desktop\\Alternance\\Projet9\\bill-app\\Billed-app-FR-Front\\src\\views\\BillsUI.js","statementMap":{"0":{"start":{"line":7,"column":12},"end":{"line":20,"column":3}},"1":{"start":{"line":8,"column":2},"end":{"line":19,"column":6}},"2":{"start":{"line":22,"column":13},"end":{"line":24,"column":1}},"3":{"start":{"line":23,"column":2},"end":{"line":23,"column":74}},"4":{"start":{"line":23,"column":50},"end":{"line":23,"column":59}},"5":{"start":{"line":28,"column":16},"end":{"line":43,"column":4}},"6":{"start":{"line":28,"column":23},"end":{"line":43,"column":3}},"7":{"start":{"line":45,"column":2},"end":{"line":49,"column":3}},"8":{"start":{"line":46,"column":4},"end":{"line":46,"column":24}},"9":{"start":{"line":47,"column":9},"end":{"line":49,"column":3}},"10":{"start":{"line":48,"column":4},"end":{"line":48,"column":27}},"11":{"start":{"line":51,"column":2},"end":{"line":79,"column":3}}},"fnMap":{"0":{"name":"(anonymous_0)","decl":{"start":{"line":7,"column":12},"end":{"line":7,"column":13}},"loc":{"start":{"line":7,"column":22},"end":{"line":20,"column":3}},"line":7},"1":{"name":"(anonymous_1)","decl":{"start":{"line":22,"column":13},"end":{"line":22,"column":14}},"loc":{"start":{"line":22,"column":23},"end":{"line":24,"column":1}},"line":22},"2":{"name":"(anonymous_2)","decl":{"start":{"line":23,"column":42},"end":{"line":23,"column":43}},"loc":{"start":{"line":23,"column":50},"end":{"line":23,"column":59}},"line":23},"3":{"name":"(anonymous_3)","decl":{"start":{"line":26,"column":15},"end":{"line":26,"column":16}},"loc":{"start":{"line":26,"column":52},"end":{"line":80,"column":1}},"line":26},"4":{"name":"(anonymous_4)","decl":{"start":{"line":28,"column":16},"end":{"line":28,"column":17}},"loc":{"start":{"line":28,"column":23},"end":{"line":43,"column":3}},"line":28}},"branchMap":{"0":{"loc":{"start":{"line":23,"column":9},"end":{"line":23,"column":74}},"type":"cond-expr","locations":[{"start":{"line":23,"column":33},"end":{"line":23,"column":69}},{"start":{"line":23,"column":72},"end":{"line":23,"column":74}}],"line":23},"1":{"loc":{"start":{"line":23,"column":10},"end":{"line":23,"column":29}},"type":"binary-expr","locations":[{"start":{"line":23,"column":10},"end":{"line":23,"column":14}},{"start":{"line":23,"column":18},"end":{"line":23,"column":29}}],"line":23},"2":{"loc":{"start":{"line":45,"column":2},"end":{"line":49,"column":3}},"type":"if","locations":[{"start":{"line":45,"column":2},"end":{"line":49,"column":3}},{"start":{"line":45,"column":2},"end":{"line":49,"column":3}}],"line":45},"3":{"loc":{"start":{"line":47,"column":9},"end":{"line":49,"column":3}},"type":"if","locations":[{"start":{"line":47,"column":9},"end":{"line":49,"column":3}},{"start":{"line":47,"column":9},"end":{"line":49,"column":3}}],"line":47}},"s":{"0":6,"1":4,"2":6,"3":4,"4":4,"5":6,"6":4,"7":6,"8":1,"9":5,"10":1,"11":4},"f":{"0":4,"1":4,"2":4,"3":6,"4":4},"b":{"0":[1,3],"1":[4,2],"2":[1,5],"3":[1,4]},"_coverageSchema":"1a1c01bbd47fc00a2c39e90264f33305004495a9","hash":"513e1d0032aec85193bf41e588a5b169e3e8d0d9"}
,"C:\\Users\\Marina\\Desktop\\Alternance\\Projet9\\bill-app\\Billed-app-FR-Front\\src\\views\\DashboardFormUI.js": {"path":"C:\\Users\\Marina\\Desktop\\Alternance\\Projet9\\bill-app\\Billed-app-FR-Front\\src\\views\\DashboardFormUI.js","statementMap":{"0":{"start":{"line":7,"column":21},"end":{"line":22,"column":4}},"1":{"start":{"line":7,"column":28},"end":{"line":22,"column":3}},"2":{"start":{"line":26,"column":2},"end":{"line":101,"column":4}}},"fnMap":{"0":{"name":"(anonymous_0)","decl":{"start":{"line":7,"column":21},"end":{"line":7,"column":22}},"loc":{"start":{"line":7,"column":28},"end":{"line":22,"column":3}},"line":7},"1":{"name":"(anonymous_1)","decl":{"start":{"line":24,"column":15},"end":{"line":24,"column":16}},"loc":{"start":{"line":24,"column":25},"end":{"line":102,"column":1}},"line":24}},"branchMap":{"0":{"loc":{"start":{"line":79,"column":9},"end":{"line":89,"column":9}},"type":"cond-expr","locations":[{"start":{"line":79,"column":38},"end":{"line":84,"column":8}},{"start":{"line":84,"column":13},"end":{"line":89,"column":8}}],"line":79},"1":{"loc":{"start":{"line":92,"column":8},"end":{"line":97,"column":13}},"type":"cond-expr","locations":[{"start":{"line":92,"column":37},"end":{"line":97,"column":7}},{"start":{"line":97,"column":11},"end":{"line":97,"column":13}}],"line":92}},"s":{"0":7,"1":9,"2":9},"f":{"0":9,"1":9},"b":{"0":[6,3],"1":[6,3]},"_coverageSchema":"1a1c01bbd47fc00a2c39e90264f33305004495a9","hash":"aae6795f7cf637c53d781b3b556cab870d5eae1f"}
,"C:\\Users\\Marina\\Desktop\\Alternance\\Projet9\\bill-app\\Billed-app-FR-Front\\src\\views\\DashboardUI.js": {"path":"C:\\Users\\Marina\\Desktop\\Alternance\\Projet9\\bill-app\\Billed-app-FR-Front\\src\\views\\DashboardUI.js","statementMap":{"0":{"start":{"line":10,"column":2},"end":{"line":14,"column":3}},"1":{"start":{"line":11,"column":4},"end":{"line":11,"column":24}},"2":{"start":{"line":12,"column":9},"end":{"line":14,"column":3}},"3":{"start":{"line":13,"column":4},"end":{"line":13,"column":27}},"4":{"start":{"line":16,"column":2},"end":{"line":48,"column":3}}},"fnMap":{"0":{"name":"(anonymous_0)","decl":{"start":{"line":8,"column":15},"end":{"line":8,"column":16}},"loc":{"start":{"line":8,"column":45},"end":{"line":49,"column":1}},"line":8}},"branchMap":{"0":{"loc":{"start":{"line":10,"column":2},"end":{"line":14,"column":3}},"type":"if","locations":[{"start":{"line":10,"column":2},"end":{"line":14,"column":3}},{"start":{"line":10,"column":2},"end":{"line":14,"column":3}}],"line":10},"1":{"loc":{"start":{"line":12,"column":9},"end":{"line":14,"column":3}},"type":"if","locations":[{"start":{"line":12,"column":9},"end":{"line":14,"column":3}},{"start":{"line":12,"column":9},"end":{"line":14,"column":3}}],"line":12},"2":{"loc":{"start":{"line":22,"column":45},"end":{"line":22,"column":63}},"type":"binary-expr","locations":[{"start":{"line":22,"column":45},"end":{"line":22,"column":49}},{"start":{"line":22,"column":53},"end":{"line":22,"column":63}}],"line":22},"3":{"loc":{"start":{"line":29,"column":43},"end":{"line":29,"column":61}},"type":"binary-expr","locations":[{"start":{"line":29,"column":43},"end":{"line":29,"column":47}},{"start":{"line":29,"column":51},"end":{"line":29,"column":61}}],"line":29},"4":{"loc":{"start":{"line":36,"column":43},"end":{"line":36,"column":61}},"type":"binary-expr","locations":[{"start":{"line":36,"column":43},"end":{"line":36,"column":47}},{"start":{"line":36,"column":51},"end":{"line":36,"column":61}}],"line":36}},"s":{"0":21,"1":6,"2":15,"3":3,"4":12},"f":{"0":21},"b":{"0":[6,15],"1":[3,12],"2":[12,7],"3":[12,7],"4":[12,7]},"_coverageSchema":"1a1c01bbd47fc00a2c39e90264f33305004495a9","hash":"a71d17722b61c25aa95ad91bedb9a30efa326597"}
,"C:\\Users\\Marina\\Desktop\\Alternance\\Projet9\\bill-app\\Billed-app-FR-Front\\src\\views\\ErrorPage.js": {"path":"C:\\Users\\Marina\\Desktop\\Alternance\\Projet9\\bill-app\\Billed-app-FR-Front\\src\\views\\ErrorPage.js","statementMap":{"0":{"start":{"line":4,"column":2},"end":{"line":15,"column":3}}},"fnMap":{"0":{"name":"(anonymous_0)","decl":{"start":{"line":3,"column":15},"end":{"line":3,"column":16}},"loc":{"start":{"line":3,"column":26},"end":{"line":16,"column":1}},"line":3}},"branchMap":{"0":{"loc":{"start":{"line":12,"column":12},"end":{"line":12,"column":30}},"type":"cond-expr","locations":[{"start":{"line":12,"column":20},"end":{"line":12,"column":25}},{"start":{"line":12,"column":28},"end":{"line":12,"column":30}}],"line":12}},"s":{"0":6},"f":{"0":6},"b":{"0":[5,1]},"_coverageSchema":"1a1c01bbd47fc00a2c39e90264f33305004495a9","hash":"f8bd91d355cafa4f37b27170333bb9316587ee18"}
,"C:\\Users\\Marina\\Desktop\\Alternance\\Projet9\\bill-app\\Billed-app-FR-Front\\src\\views\\LoadingPage.js": {"path":"C:\\Users\\Marina\\Desktop\\Alternance\\Projet9\\bill-app\\Billed-app-FR-Front\\src\\views\\LoadingPage.js","statementMap":{"0":{"start":{"line":5,"column":2},"end":{"line":12,"column":3}}},"fnMap":{"0":{"name":"(anonymous_0)","decl":{"start":{"line":3,"column":15},"end":{"line":3,"column":16}},"loc":{"start":{"line":3,"column":21},"end":{"line":13,"column":1}},"line":3}},"branchMap":{},"s":{"0":8},"f":{"0":8},"b":{},"_coverageSchema":"1a1c01bbd47fc00a2c39e90264f33305004495a9","hash":"70de4dbd1e03358652315e69a945900fc843c3bc"}
,"C:\\Users\\Marina\\Desktop\\Alternance\\Projet9\\bill-app\\Billed-app-FR-Front\\src\\views\\LoginUI.js": {"path":"C:\\Users\\Marina\\Desktop\\Alternance\\Projet9\\bill-app\\Billed-app-FR-Front\\src\\views\\LoginUI.js","statementMap":{"0":{"start":{"line":4,"column":2},"end":{"line":46,"column":4}}},"fnMap":{"0":{"name":"(anonymous_0)","decl":{"start":{"line":2,"column":15},"end":{"line":2,"column":16}},"loc":{"start":{"line":2,"column":21},"end":{"line":47,"column":1}},"line":2}},"branchMap":{},"s":{"0":14},"f":{"0":14},"b":{},"_coverageSchema":"1a1c01bbd47fc00a2c39e90264f33305004495a9","hash":"2457ae53818a3c9b232dd03dd91d558583ce178a"}
,"C:\\Users\\Marina\\Desktop\\Alternance\\Projet9\\bill-app\\Billed-app-FR-Front\\src\\views\\NewBillUI.js": {"path":"C:\\Users\\Marina\\Desktop\\Alternance\\Projet9\\bill-app\\Billed-app-FR-Front\\src\\views\\NewBillUI.js","statementMap":{"0":{"start":{"line":5,"column":2},"end":{"line":73,"column":4}}},"fnMap":{"0":{"name":"(anonymous_0)","decl":{"start":{"line":3,"column":15},"end":{"line":3,"column":16}},"loc":{"start":{"line":3,"column":21},"end":{"line":74,"column":1}},"line":3}},"branchMap":{},"s":{"0":4},"f":{"0":4},"b":{},"_coverageSchema":"1a1c01bbd47fc00a2c39e90264f33305004495a9","hash":"1943e99186d2e13327be1740e59e37ea8d963f5a"}
,"C:\\Users\\Marina\\Desktop\\Alternance\\Projet9\\bill-app\\Billed-app-FR-Front\\src\\views\\VerticalLayout.js": {"path":"C:\\Users\\Marina\\Desktop\\Alternance\\Projet9\\bill-app\\Billed-app-FR-Front\\src\\views\\VerticalLayout.js","statementMap":{"0":{"start":{"line":7,"column":4},"end":{"line":7,"column":51}},"1":{"start":{"line":8,"column":4},"end":{"line":10,"column":5}},"2":{"start":{"line":9,"column":6},"end":{"line":9,"column":29}},"3":{"start":{"line":11,"column":4},"end":{"line":39,"column":5}},"4":{"start":{"line":12,"column":6},"end":{"line":27,"column":7}},"5":{"start":{"line":29,"column":6},"end":{"line":38,"column":7}}},"fnMap":{"0":{"name":"(anonymous_0)","decl":{"start":{"line":5,"column":15},"end":{"line":5,"column":16}},"loc":{"start":{"line":5,"column":27},"end":{"line":40,"column":1}},"line":5}},"branchMap":{"0":{"loc":{"start":{"line":8,"column":4},"end":{"line":10,"column":5}},"type":"if","locations":[{"start":{"line":8,"column":4},"end":{"line":10,"column":5}},{"start":{"line":8,"column":4},"end":{"line":10,"column":5}}],"line":8},"1":{"loc":{"start":{"line":11,"column":4},"end":{"line":39,"column":5}},"type":"if","locations":[{"start":{"line":11,"column":4},"end":{"line":39,"column":5}},{"start":{"line":11,"column":4},"end":{"line":39,"column":5}}],"line":11},"2":{"loc":{"start":{"line":11,"column":8},"end":{"line":11,"column":40}},"type":"binary-expr","locations":[{"start":{"line":11,"column":8},"end":{"line":11,"column":12}},{"start":{"line":11,"column":16},"end":{"line":11,"column":40}}],"line":11}},"s":{"0":35,"1":35,"2":20,"3":35,"4":4,"5":31},"f":{"0":35},"b":{"0":[20,15],"1":[4,31],"2":[35,20]},"_coverageSchema":"1a1c01bbd47fc00a2c39e90264f33305004495a9","hash":"fd2e52c11623cf48862415edf7cdf3736afb54e5"}
}
