TN:
SF:src\constants\routes.js
FN:13,(anonymous_0)
FNF:1
FNH:1
FNDA:26,(anonymous_0)
DA:6,6
DA:13,6
DA:14,26
DA:16,7
DA:18,5
DA:20,1
DA:22,12
DA:24,1
LF:8
LH:8
BRDA:14,0,0,7
BRDA:14,0,1,5
BRDA:14,0,2,1
BRDA:14,0,3,12
BRDA:14,0,4,1
BRF:5
BRH:5
end_of_record
TN:
SF:src\constants\usersTest.js
FNF:0
FNH:0
LF:0
LH:0
BRF:0
BRH:0
end_of_record
TN:
SF:src\containers\Bills.js
FN:6,(anonymous_0)
FN:17,(anonymous_1)
FN:18,(anonymous_2)
FN:23,(anonymous_3)
FN:27,(anonymous_4)
FN:40,(anonymous_5)
FN:45,(anonymous_6)
FN:46,(anonymous_7)
FNF:8
FNH:5
FNDA:4,(anonymous_0)
FNDA:12,(anonymous_1)
FNDA:0,(anonymous_2)
FNDA:0,(anonymous_3)
FNDA:0,(anonymous_4)
FNDA:4,(anonymous_5)
FNDA:1,(anonymous_6)
FNDA:1,(anonymous_7)
DA:7,4
DA:8,4
DA:9,4
DA:10,4
DA:13,4
DA:14,3
DA:15,4
DA:16,4
DA:17,4
DA:18,12
DA:20,4
DA:23,4
DA:24,0
DA:27,4
DA:28,0
DA:29,0
DA:30,0
DA:35,0
DA:40,4
DA:41,4
DA:42,3
DA:46,1
DA:47,1
DA:48,1
DA:56,1
DA:57,1
DA:64,1
DA:65,1
LF:28
LH:23
BRDA:13,0,0,3
BRDA:13,0,1,1
BRDA:16,1,0,4
BRDA:16,1,1,0
BRDA:41,2,0,3
BRDA:41,2,1,1
BRF:6
BRH:5
end_of_record
TN:
SF:src\containers\Dashboard.js
FN:11,(anonymous_0)
FN:13,(anonymous_1)
FN:33,(anonymous_2)
FN:60,(anonymous_3)
FN:61,(anonymous_4)
FN:64,(anonymous_5)
FN:76,(anonymous_6)
FN:82,(anonymous_7)
FN:83,(anonymous_8)
FN:84,(anonymous_9)
FN:88,(anonymous_10)
FN:102,(anonymous_11)
FN:125,(anonymous_12)
FN:126,(anonymous_13)
FN:153,(anonymous_14)
FN:163,(anonymous_15)
FN:174,(anonymous_16)
FN:194,(anonymous_17)
FN:195,(anonymous_18)
FN:227,(anonymous_19)
FN:232,(anonymous_20)
FN:233,(anonymous_21)
FN:241,(anonymous_22)
FNF:23
FNH:18
FNDA:49,(anonymous_0)
FNDA:124,(anonymous_1)
FNDA:6,(anonymous_2)
FNDA:6,(anonymous_3)
FNDA:6,(anonymous_4)
FNDA:10,(anonymous_5)
FNDA:14,(anonymous_6)
FNDA:0,(anonymous_7)
FNDA:0,(anonymous_8)
FNDA:0,(anonymous_9)
FNDA:1,(anonymous_10)
FNDA:3,(anonymous_11)
FNDA:0,(anonymous_12)
FNDA:0,(anonymous_13)
FNDA:1,(anonymous_14)
FNDA:1,(anonymous_15)
FNDA:5,(anonymous_16)
FNDA:6,(anonymous_17)
FNDA:3,(anonymous_18)
FNDA:5,(anonymous_19)
FNDA:3,(anonymous_20)
FNDA:12,(anonymous_21)
FNDA:2,(anonymous_22)
DA:11,6
DA:12,49
DA:17,124
DA:18,124
DA:23,0
DA:28,124
DA:33,6
DA:34,6
DA:35,6
DA:38,6
DA:42,6
DA:60,6
DA:61,6
DA:64,6
DA:65,10
DA:67,6
DA:69,2
DA:71,2
DA:77,14
DA:78,14
DA:79,14
DA:81,14
DA:82,14
DA:83,14
DA:84,14
DA:85,14
DA:88,14
DA:89,1
DA:90,1
DA:91,1
DA:96,1
DA:97,0
DA:103,3
DA:106,3
DA:110,3
DA:111,2
DA:115,2
DA:116,2
DA:118,1
DA:121,1
DA:124,3
DA:125,3
DA:126,3
DA:153,14
DA:154,1
DA:159,1
DA:160,1
DA:163,14
DA:164,1
DA:169,1
DA:170,1
DA:175,5
DA:176,5
DA:179,5
DA:181,5
DA:182,5
DA:183,5
DA:187,0
DA:188,0
DA:194,5
DA:195,6
DA:196,3
DA:200,5
DA:227,14
DA:228,5
DA:229,5
DA:233,12
DA:239,3
DA:242,2
LF:69
LH:65
BRDA:12,0,0,31
BRDA:12,0,1,18
BRDA:12,1,0,49
BRDA:12,1,1,31
BRDA:17,2,0,124
BRDA:17,2,1,0
BRDA:24,3,0,0
BRDA:24,3,1,0
BRDA:35,4,0,0
BRDA:35,4,1,6
BRDA:38,5,0,0
BRDA:38,5,1,6
BRDA:61,6,0,5
BRDA:61,6,1,1
BRDA:61,7,0,6
BRDA:61,7,1,6
BRDA:65,8,0,6
BRDA:65,8,1,2
BRDA:65,8,2,2
BRDA:96,9,0,0
BRDA:96,9,1,1
BRDA:110,10,0,2
BRDA:110,10,1,1
BRDA:175,11,0,5
BRDA:175,11,1,0
BRDA:181,12,0,5
BRDA:181,12,1,0
BRDA:228,13,0,5
BRDA:228,13,1,0
BRF:29
BRH:20
end_of_record
TN:
SF:src\containers\Login.js
FN:6,(anonymous_0)
FN:27,(anonymous_1)
FN:40,(anonymous_2)
FN:41,(anonymous_3)
FN:49,(anonymous_4)
FN:62,(anonymous_5)
FN:63,(anonymous_6)
FN:72,(anonymous_7)
FN:81,(anonymous_8)
FN:90,(anonymous_9)
FN:102,(anonymous_10)
FNF:11
FNH:5
FNDA:4,(anonymous_0)
FNDA:2,(anonymous_1)
FNDA:0,(anonymous_2)
FNDA:2,(anonymous_3)
FNDA:2,(anonymous_4)
FNDA:0,(anonymous_5)
FNDA:2,(anonymous_6)
FNDA:0,(anonymous_7)
FNDA:0,(anonymous_8)
FNDA:0,(anonymous_9)
FNDA:0,(anonymous_10)
DA:2,3
DA:13,4
DA:14,4
DA:15,4
DA:16,4
DA:17,4
DA:18,4
DA:21,4
DA:22,4
DA:25,4
DA:27,4
DA:28,2
DA:29,2
DA:38,2
DA:39,2
DA:40,0
DA:42,2
DA:43,2
DA:44,2
DA:45,2
DA:49,4
DA:50,2
DA:51,2
DA:60,2
DA:61,2
DA:62,0
DA:64,2
DA:65,2
DA:66,2
DA:67,2
DA:72,4
DA:73,0
DA:74,0
DA:82,0
DA:85,0
DA:90,4
DA:91,0
DA:92,0
DA:103,0
DA:104,0
DA:107,0
LF:41
LH:30
BRDA:73,0,0,0
BRDA:73,0,1,0
BRDA:91,1,0,0
BRDA:91,1,1,0
BRF:4
BRH:0
end_of_record
TN:
SF:src\containers\Logout.js
FN:4,(anonymous_0)
FN:11,(anonymous_1)
FNF:2
FNH:2
FNDA:21,(anonymous_0)
FNDA:2,(anonymous_1)
DA:5,21
DA:6,21
DA:7,21
DA:8,21
DA:11,21
DA:12,2
DA:13,2
LF:7
LH:7
BRF:0
BRH:0
end_of_record
TN:
SF:src\containers\NewBill.js
FN:6,(anonymous_0)
FN:23,(anonymous_1)
FN:57,(anonymous_2)
FN:63,(anonymous_3)
FN:66,(anonymous_4)
FN:96,(anonymous_5)
FN:101,(anonymous_6)
FN:104,(anonymous_7)
FNF:8
FNH:3
FNDA:2,(anonymous_0)
FNDA:2,(anonymous_1)
FNDA:1,(anonymous_2)
FNDA:0,(anonymous_3)
FNDA:0,(anonymous_4)
FNDA:0,(anonymous_5)
FNDA:0,(anonymous_6)
FNDA:0,(anonymous_7)
DA:7,2
DA:8,2
DA:9,2
DA:10,2
DA:13,2
DA:14,2
DA:15,2
DA:16,2
DA:17,2
DA:18,2
DA:19,2
DA:23,2
DA:24,2
DA:25,2
DA:27,2
DA:28,2
DA:30,2
DA:31,2
DA:33,2
DA:35,1
DA:36,1
DA:37,1
DA:38,1
DA:40,1
DA:41,1
DA:44,1
DA:45,1
DA:46,1
DA:47,1
DA:49,1
DA:58,1
DA:59,1
DA:60,1
DA:61,1
DA:63,0
DA:66,2
DA:67,0
DA:68,0
DA:72,0
DA:73,0
DA:91,0
DA:92,0
DA:96,2
DA:97,0
DA:98,0
DA:102,0
DA:104,0
LF:47
LH:36
BRDA:33,0,0,1
BRDA:33,0,1,1
BRDA:83,1,0,0
BRDA:83,1,1,0
BRDA:97,2,0,0
BRDA:97,2,1,0
BRF:6
BRH:2
end_of_record
TN:
SF:src\views\Actions.js
FN:4,(anonymous_0)
FNF:1
FNH:1
FNDA:6,(anonymous_0)
DA:5,6
LF:1
LH:1
BRF:0
BRH:0
end_of_record
TN:
SF:src\views\BillsUI.js
FN:7,(anonymous_0)
FN:22,(anonymous_1)
FN:23,(anonymous_2)
FN:26,(anonymous_3)
FN:28,(anonymous_4)
FNF:5
FNH:5
FNDA:4,(anonymous_0)
FNDA:4,(anonymous_1)
FNDA:4,(anonymous_2)
FNDA:6,(anonymous_3)
FNDA:4,(anonymous_4)
DA:7,6
DA:8,4
DA:22,6
DA:23,4
DA:28,6
DA:45,6
DA:46,1
DA:47,5
DA:48,1
DA:51,4
LF:10
LH:10
BRDA:23,0,0,1
BRDA:23,0,1,3
BRDA:23,1,0,4
BRDA:23,1,1,2
BRDA:45,2,0,1
BRDA:45,2,1,5
BRDA:47,3,0,1
BRDA:47,3,1,4
BRF:8
BRH:8
end_of_record
TN:
SF:src\views\DashboardFormUI.js
FN:7,(anonymous_0)
FN:24,(anonymous_1)
FNF:2
FNH:2
FNDA:9,(anonymous_0)
FNDA:9,(anonymous_1)
DA:7,9
DA:26,9
LF:2
LH:2
BRDA:79,0,0,6
BRDA:79,0,1,3
BRDA:92,1,0,6
BRDA:92,1,1,3
BRF:4
BRH:4
end_of_record
TN:
SF:src\views\DashboardUI.js
FN:8,(anonymous_0)
FNF:1
FNH:1
FNDA:21,(anonymous_0)
DA:10,21
DA:11,6
DA:12,15
DA:13,3
DA:16,12
LF:5
LH:5
BRDA:10,0,0,6
BRDA:10,0,1,15
BRDA:12,1,0,3
BRDA:12,1,1,12
BRDA:22,2,0,12
BRDA:22,2,1,7
BRDA:29,3,0,12
BRDA:29,3,1,7
BRDA:36,4,0,12
BRDA:36,4,1,7
BRF:10
BRH:10
end_of_record
TN:
SF:src\views\ErrorPage.js
FN:3,(anonymous_0)
FNF:1
FNH:1
FNDA:6,(anonymous_0)
DA:4,6
LF:1
LH:1
BRDA:12,0,0,5
BRDA:12,0,1,1
BRF:2
BRH:2
end_of_record
TN:
SF:src\views\LoadingPage.js
FN:3,(anonymous_0)
FNF:1
FNH:1
FNDA:8,(anonymous_0)
DA:5,8
LF:1
LH:1
BRF:0
BRH:0
end_of_record
TN:
SF:src\views\LoginUI.js
FN:2,(anonymous_0)
FNF:1
FNH:1
FNDA:14,(anonymous_0)
DA:4,14
LF:1
LH:1
BRF:0
BRH:0
end_of_record
TN:
SF:src\views\NewBillUI.js
FN:3,(anonymous_0)
FNF:1
FNH:1
FNDA:4,(anonymous_0)
DA:5,4
LF:1
LH:1
BRF:0
BRH:0
end_of_record
TN:
SF:src\views\VerticalLayout.js
FN:5,(anonymous_0)
FNF:1
FNH:1
FNDA:35,(anonymous_0)
DA:7,35
DA:8,35
DA:9,20
DA:11,35
DA:12,4
DA:29,31
LF:6
LH:6
BRDA:8,0,0,20
BRDA:8,0,1,15
BRDA:11,1,0,4
BRDA:11,1,1,31
BRDA:11,2,0,35
BRDA:11,2,1,20
BRF:6
BRH:6
end_of_record
